[INFO  - 2018-04-08T04:05:06.788Z] GhostDriver - Main - running on port 44395
[INFO  - 2018-04-08T04:05:07.573Z] Session [06309ff0-3ae2-11e8-91dd-a9031e7a2c51] - page.settings - {"XSSAuditingEnabled":false,"javascriptCanCloseWindows":true,"javascriptCanOpenWindows":true,"javascriptEnabled":true,"loadImages":true,"localToRemoteUrlAccessEnabled":false,"userAgent":"Mozilla/5.0 (Unknown; Linux x86_64) AppleWebKit/538.1 (KHTML, like Gecko) PhantomJS/2.1.1 Safari/538.1","webSecurityEnabled":true}
[INFO  - 2018-04-08T04:05:07.573Z] Session [06309ff0-3ae2-11e8-91dd-a9031e7a2c51] - page.customHeaders:  - {}
[INFO  - 2018-04-08T04:05:07.573Z] Session [06309ff0-3ae2-11e8-91dd-a9031e7a2c51] - Session.negotiatedCapabilities - {"browserName":"phantomjs","version":"2.1.1","driverName":"ghostdriver","driverVersion":"1.2.0","platform":"linux-unknown-64bit","javascriptEnabled":true,"takesScreenshot":true,"handlesAlerts":false,"databaseEnabled":false,"locationContextEnabled":false,"applicationCacheEnabled":false,"browserConnectionEnabled":false,"cssSelectorsEnabled":true,"webStorageEnabled":false,"rotatable":false,"acceptSslCerts":false,"nativeEvents":true,"proxy":{"proxyType":"direct"}}
[INFO  - 2018-04-08T04:05:07.573Z] SessionManagerReqHand - _postNewSessionCommand - New Session Created: 06309ff0-3ae2-11e8-91dd-a9031e7a2c51
[ERROR - 2018-04-08T04:05:08.863Z] Session [06309ff0-3ae2-11e8-91dd-a9031e7a2c51] - page.onError - msg: Error: [$injector:modulerr] http://errors.angularjs.org/1.5.7/$injector/modulerr?p0=app&p1=%5B%24injector%3Amodulerr%5D%20http%3A%2F%2Ferrors.angularjs.org%2F1.5.7%2F%24injector%2Fmodulerr%3Fp0%3Dapp.directive%26p1%3D%255B%2524injector%253Anomod%255D%2520http%253A%252F%252Ferrors.angularjs.org%252F1.5.7%252F%2524injector%252Fnomod%253Fp0%253Dapp.directive%250Ahttps%253A%252F%252Fwww.ahataxis.com%252Fjs%252FahaAngular.min.js%253A1%253A307655%250At%2540https%253A%252F%252Fwww.ahataxis.com%252Fjs%252FahaAngular.min.js%253A1%253A153619%250Ahttps%253A%252F%252Fwww.ahataxis.com%252Fjs%252FahaAngular.min.js%253A1%253A307428%250Ahttps%253A%252F%252Fwww.ahataxis.com%252Fjs%252FahaAngular.min.js%253A1%253A27328%250Aie%2540https%253A%252F%252Fwww.ahataxis.com%252Fjs%252FahaAngular.min.js%253A1%253A861%250An%2540https%253A%252F%252Fwww.ahataxis.com%252Fjs%252FahaAngular.min.js%253A1%253A27174%250Ahttps%253A%252F%252Fwww.ahataxis.com%252Fjs%252FahaAngular.min.js%253A1%253A27344%250Aie%2540https%253A%252F%252Fwww.ahataxis.com%252Fjs%252FahaAngular.min.js%253A1%253A861%250An%2540https%253A%252F%252Fwww.ahataxis.com%252Fjs%252FahaAngular.min.js%253A1%253A27174%250AOe%2540https%253A%252F%252Fwww.ahataxis.com%252Fjs%252FahaAngular.min.js%253A1%253A15056%250Ai%2540https%253A%252F%252Fwww.ahataxis.com%252Fjs%252FahaAngular.min.js%253A1%253A7433%250AD%2540https%253A%252F%252Fwww.ahataxis.com%252Fjs%252FahaAngular.min.js%253A1%253A7737%250At%2540https%253A%252F%252Fwww.ahataxis.com%252Fjs%252FahaAngular.min.js%253A1%253A7035%250Ahttps%253A%252F%252Fwww.ahataxis.com%252Fjs%252FahaAngular.min.js%253A1%253A157286%250At%2540https%253A%252F%252Fwww.ahataxis.com%252Fjs%252FahaAngular.min.js%253A1%253A88896%250ACe%2540https%253A%252F%252Fwww.ahataxis.com%252Fjs%252FahaAngular.min.js%253A1%253A11898%250Ac%2540https%253A%252F%252Fwww.ahataxis.com%252Fjs%252FahaAngular.min.js%253A1%253A91839%0Ahttps%3A%2F%2Fwww.ahataxis.com%2Fjs%2FahaAngular.min.js%3A1%3A27640%0Aie%40https%3A%2F%2Fwww.ahataxis.com%2Fjs%2FahaAngular.min.js%3A1%3A861%0An%40https%3A%2F%2Fwww.ahataxis.com%2Fjs%2FahaAngular.min.js%3A1%3A27174%0Ahttps%3A%2F%2Fwww.ahataxis.com%2Fjs%2FahaAngular.min.js%3A1%3A27344%0Aie%40https%3A%2F%2Fwww.ahataxis.com%2Fjs%2FahaAngular.min.js%3A1%3A861%0An%40https%3A%2F%2Fwww.ahataxis.com%2Fjs%2FahaAngular.min.js%3A1%3A27174%0AOe%40https%3A%2F%2Fwww.ahataxis.com%2Fjs%2FahaAngular.min.js%3A1%3A15056%0Ai%40https%3A%2F%2Fwww.ahataxis.com%2Fjs%2FahaAngular.min.js%3A1%3A7433%0AD%40https%3A%2F%2Fwww.ahataxis.com%2Fjs%2FahaAngular.min.js%3A1%3A7737%0At%40https%3A%2F%2Fwww.ahataxis.com%2Fjs%2FahaAngular.min.js%3A1%3A7035%0Ahttps%3A%2F%2Fwww.ahataxis.com%2Fjs%2FahaAngular.min.js%3A1%3A157286%0At%40https%3A%2F%2Fwww.ahataxis.com%2Fjs%2FahaAngular.min.js%3A1%3A88896%0ACe%40https%3A%2F%2Fwww.ahataxis.com%2Fjs%2FahaAngular.min.js%3A1%3A11898%0Ac%40https%3A%2F%2Fwww.ahataxis.com%2Fjs%2FahaAngular.min.js%3A1%3A91839

  phantomjs://platform/console++.js:263 in error
[ERROR - 2018-04-08T04:05:08.863Z] Session [06309ff0-3ae2-11e8-91dd-a9031e7a2c51] - page.onError - stack:
  (anonymous function) (https://www.ahataxis.com/js/ahaAngular.min.js:1)
  ie (https://www.ahataxis.com/js/ahaAngular.min.js:1)
  n (https://www.ahataxis.com/js/ahaAngular.min.js:1)
  Oe (https://www.ahataxis.com/js/ahaAngular.min.js:1)
  i (https://www.ahataxis.com/js/ahaAngular.min.js:1)
  D (https://www.ahataxis.com/js/ahaAngular.min.js:1)
  t (https://www.ahataxis.com/js/ahaAngular.min.js:1)
  (anonymous function) (https://www.ahataxis.com/js/ahaAngular.min.js:1)
  t (https://www.ahataxis.com/js/ahaAngular.min.js:1)
  Ce (https://www.ahataxis.com/js/ahaAngular.min.js:1)
  c (https://www.ahataxis.com/js/ahaAngular.min.js:1)

  phantomjs://platform/console++.js:263 in error
